<?xml version="1.0" encoding="UTF-8"?>
<!-- Generated by org.testng.reporters.JUnitXMLReporter -->
<testsuite ignored="0" hostname="Sanket_Bhosale" failures="0" tests="4" name="FirefoxTest" time="0.028" errors="0" timestamp="2023-01-26T16:17:08 IST">
  <testcase classname="TestNgpack.TestClass4" name="testB" time="0.003"/>
  <testcase classname="TestNgpack.TestClass4" name="testC" time="0.001"/>
  <testcase classname="TestNgpack.TestClass4" name="testD" time="0.002"/>
  <testcase classname="TestNgpack.TestClass4" name="testA" time="0.004"/>
</testsuite> <!-- FirefoxTest -->
