<?xml version="1.0" encoding="UTF-8"?>
<!-- Generated by org.testng.reporters.JUnitXMLReporter -->
<testsuite ignored="0" hostname="Sanket_Bhosale" failures="0" tests="8" name="Test15668" time="0.121" errors="0" timestamp="2023-01-25T16:32:05 IST">
  <testcase classname="TestNgpack.TestClass4" name="testB" time="0.008"/>
  <testcase classname="TestNgpack.TestClass4" name="testC" time="0.003"/>
  <testcase classname="TestNgpack.TestClass4" name="testD" time="0.003"/>
  <testcase classname="TestNgpack.TestClass4" name="testA" time="0.002"/>
  <testcase classname="TestNgpack.TestClass3" name="test2" time="0.002"/>
  <testcase classname="TestNgpack.TestClass3" name="test3" time="0.001"/>
  <testcase classname="TestNgpack.TestClass3" name="test4" time="0.001"/>
  <testcase classname="TestNgpack.TestClass3" name="test1" time="0.004"/>
</testsuite> <!-- Test15668 -->
