<?xml version="1.0" encoding="UTF-8"?>
<!-- Generated by org.testng.reporters.JUnitXMLReporter -->
<testsuite ignored="2" hostname="Sanket_Bhosale" failures="0" tests="6" name="Test1" time="0.082" errors="0" timestamp="2023-01-25T14:55:00 IST">
  <testcase classname="TestNgpack.TestClass2" name="testA" time="0.005"/>
  <testcase classname="TestNgpack.TestClass2" name="testC" time="0.001"/>
  <testcase classname="TestNgpack.TestClass1" name="test2" time="0.001"/>
  <testcase classname="TestNgpack.TestClass1" name="test3" time="0.001"/>
  <testcase classname="TestNgpack.TestClass1" name="test4" time="0.001"/>
  <testcase classname="TestNgpack.TestClass1" name="test1" time="0.001"/>
  <testcase classname="TestNgpack.TestClass2" name="testD" time="0.0">
    <ignored/>
  </testcase> <!-- testD -->
  <testcase classname="TestNgpack.TestClass2" name="testB" time="0.0">
    <ignored/>
  </testcase> <!-- testB -->
</testsuite> <!-- Test1 -->
